<?xml version="1.0" encoding="UTF-8"?>
<!-- Generated by org.testng.reporters.JUnitReportReporter -->
<testsuite hostname="LAPTOP-H1GVA98Q" name="browserStack.BrowserStackTest" tests="1" failures="0" timestamp="1 Sep 2019 02:04:35 GMT" time="14.026" errors="0">
  <testcase name="openSTM" time="14.026" classname="browserStack.BrowserStackTest"/>
</testsuite> <!-- browserStack.BrowserStackTest -->
