<?xml version="1.0" encoding="UTF-8"?>
<!-- Generated by org.testng.reporters.JUnitReportReporter -->
<testsuite hostname="LAPTOP-H1GVA98Q" name="tests.amazonTest.AmazonTest" tests="1" failures="0" timestamp="15 Jun 2019 19:53:23 GMT" time="10.735" errors="0">
  <testcase name="AmazonTest_001" time="10.735" classname="tests.amazonTest.AmazonTest"/>
</testsuite> <!-- tests.amazonTest.AmazonTest -->
